<?xml version="1.0" encoding="UTF-8" ?>
<testsuite failures="0" time="0.015" errors="0" skipped="0" tests="70" name="com.api.service.CucumberRunnerTest">
  <properties>
    <property name="java.runtime.name" value="Java(TM) SE Runtime Environment"/>
    <property name="sun.boot.library.path" value="/Library/Java/JavaVirtualMachines/jdk1.7.0_60.jdk/Contents/Home/jre/lib"/>
    <property name="java.vm.version" value="24.60-b09"/>
    <property name="user.country.format" value="IN"/>
    <property name="gopherProxySet" value="false"/>
    <property name="java.vm.vendor" value="Oracle Corporation"/>
    <property name="java.vendor.url" value="http://java.oracle.com/"/>
    <property name="path.separator" value=":"/>
    <property name="guice.disable.misplaced.annotation.check" value="true"/>
    <property name="java.vm.name" value="Java HotSpot(TM) 64-Bit Server VM"/>
    <property name="file.encoding.pkg" value="sun.io"/>
    <property name="user.country" value="US"/>
    <property name="sun.java.launcher" value="SUN_STANDARD"/>
    <property name="sun.os.patch.level" value="unknown"/>
    <property name="java.vm.specification.name" value="Java Virtual Machine Specification"/>
    <property name="user.dir" value="/Users/naveen/Documents/workspace/RESTTest"/>
    <property name="java.runtime.version" value="1.7.0_60-b19"/>
    <property name="java.awt.graphicsenv" value="sun.awt.CGraphicsEnvironment"/>
    <property name="java.endorsed.dirs" value="/Library/Java/JavaVirtualMachines/jdk1.7.0_60.jdk/Contents/Home/jre/lib/endorsed"/>
    <property name="os.arch" value="x86_64"/>
    <property name="java.io.tmpdir" value="/var/folders/pd/shs2b8qs00g2hr1xq4cr7v4h0000gn/T/"/>
    <property name="line.separator" value="
"/>
    <property name="java.vm.specification.vendor" value="Oracle Corporation"/>
    <property name="os.name" value="Mac OS X"/>
    <property name="classworlds.conf" value="/Users/naveen/Documents/workspace/.metadata/.plugins/org.eclipse.m2e.launching/launches/m2conf2918109192455934479.tmp"/>
    <property name="sun.jnu.encoding" value="UTF-8"/>
    <property name="java.library.path" value="/Users/naveen/Library/Java/Extensions:/Library/Java/Extensions:/Network/Library/Java/Extensions:/System/Library/Java/Extensions:/usr/lib/java:."/>
    <property name="java.specification.name" value="Java Platform API Specification"/>
    <property name="java.class.version" value="51.0"/>
    <property name="sun.management.compiler" value="HotSpot 64-Bit Tiered Compilers"/>
    <property name="os.version" value="10.10.2"/>
    <property name="http.nonProxyHosts" value="local|*.local|169.254/16|*.169.254/16|dl-ssl.google.com|*.dl-ssl.google.com"/>
    <property name="user.home" value="/Users/naveen"/>
    <property name="user.timezone" value="Europe/Stockholm"/>
    <property name="java.awt.printerjob" value="sun.lwawt.macosx.CPrinterJob"/>
    <property name="java.specification.version" value="1.7"/>
    <property name="file.encoding" value="UTF-8"/>
    <property name="user.name" value="naveen"/>
    <property name="java.class.path" value="/Users/naveen/Downloads/eclipse/plugins/org.eclipse.m2e.maven.runtime_1.5.1.20150109-1819/jars/plexus-classworlds-2.5.1.jar"/>
    <property name="org.slf4j.simpleLogger.defaultLogLevel" value="info"/>
    <property name="java.vm.specification.version" value="1.7"/>
    <property name="sun.arch.data.model" value="64"/>
    <property name="java.home" value="/Library/Java/JavaVirtualMachines/jdk1.7.0_60.jdk/Contents/Home/jre"/>
    <property name="sun.java.command" value="org.codehaus.plexus.classworlds.launcher.Launcher -B test"/>
    <property name="java.specification.vendor" value="Oracle Corporation"/>
    <property name="user.language" value="en"/>
    <property name="awt.toolkit" value="sun.lwawt.macosx.LWCToolkit"/>
    <property name="java.vm.info" value="mixed mode"/>
    <property name="java.version" value="1.7.0_60"/>
    <property name="java.ext.dirs" value="/Users/naveen/Library/Java/Extensions:/Library/Java/JavaVirtualMachines/jdk1.7.0_60.jdk/Contents/Home/jre/lib/ext:/Library/Java/Extensions:/Network/Library/Java/Extensions:/System/Library/Java/Extensions:/usr/lib/java"/>
    <property name="sun.boot.class.path" value="/Library/Java/JavaVirtualMachines/jdk1.7.0_60.jdk/Contents/Home/jre/lib/resources.jar:/Library/Java/JavaVirtualMachines/jdk1.7.0_60.jdk/Contents/Home/jre/lib/rt.jar:/Library/Java/JavaVirtualMachines/jdk1.7.0_60.jdk/Contents/Home/jre/lib/sunrsasign.jar:/Library/Java/JavaVirtualMachines/jdk1.7.0_60.jdk/Contents/Home/jre/lib/jsse.jar:/Library/Java/JavaVirtualMachines/jdk1.7.0_60.jdk/Contents/Home/jre/lib/jce.jar:/Library/Java/JavaVirtualMachines/jdk1.7.0_60.jdk/Contents/Home/jre/lib/charsets.jar:/Library/Java/JavaVirtualMachines/jdk1.7.0_60.jdk/Contents/Home/jre/lib/jfr.jar:/Library/Java/JavaVirtualMachines/jdk1.7.0_60.jdk/Contents/Home/jre/classes"/>
    <property name="java.vendor" value="Oracle Corporation"/>
    <property name="maven.home" value="/Users/naveen/Documents/workspace/RESTTest/EMBEDDED"/>
    <property name="file.separator" value="/"/>
    <property name="java.vendor.url.bug" value="http://bugreport.sun.com/bugreport/"/>
    <property name="sun.cpu.endian" value="little"/>
    <property name="sun.io.unicode.encoding" value="UnicodeBig"/>
    <property name="socksNonProxyHosts" value="local|*.local|169.254/16|*.169.254/16|dl-ssl.google.com|*.dl-ssl.google.com"/>
    <property name="ftp.nonProxyHosts" value="local|*.local|169.254/16|*.169.254/16|dl-ssl.google.com|*.dl-ssl.google.com"/>
    <property name="sun.cpu.isalist" value=""/>
  </properties>
  <testcase time="0" classname="Scenario: To verify the Get request response." name="Given I am calling GetUser request."/>
  <testcase time="0" classname="Scenario: To verify the Get request response." name="When I am calling request with url parameter &quot;1&quot;"/>
  <testcase time="0" classname="Scenario: To verify the Get request response." name="Then I fire the get request."/>
  <testcase time="0" classname="Scenario: To verify the Get request response." name="Then I should be able to see the get response userId=&quot;1&quot;"/>
  <testcase time="0" classname="Scenario: To verify the Get request response." name="Then I should be able to see the get response Id=&quot;1&quot;"/>
  <testcase time="0" classname="Scenario: To verify the Get request response." name="Then I should be able to see the get response title as a valid string"/>
  <testcase time="0" classname="Scenario: To verify the Get request response." name="Then I should be able to see the get response body as a valid string"/>
  <testcase time="0" classname="Scenario: To verify the Get request response." name="Scenario: To verify the Get request response."/>
  <testcase time="0" classname="Scenario: To verify the Get request response code." name="Given I am calling GetUser request."/>
  <testcase time="0.001" classname="Scenario: To verify the Get request response code." name="When I am calling request with url parameter &quot;1&quot;"/>
  <testcase time="0.001" classname="Scenario: To verify the Get request response code." name="Then I fire the get request."/>
  <testcase time="0" classname="Scenario: To verify the Get request response code." name="Then I should be able to see the response code as &quot;200&quot; Ok."/>
  <testcase time="0.001" classname="Scenario: To verify the Get request response code." name="Scenario: To verify the Get request response code."/>
  <testcase time="0" classname="Scenario: To verify the Get request response time." name="Given I am calling GetUser request."/>
  <testcase time="0.001" classname="Scenario: To verify the Get request response time." name="When I am calling request with url parameter &quot;1&quot;"/>
  <testcase time="0" classname="Scenario: To verify the Get request response time." name="Then I fire the get request."/>
  <testcase time="0" classname="Scenario: To verify the Get request response time." name="Then I should be able to get the response in &quot;5000&quot; milliSeconds."/>
  <testcase time="0.001" classname="Scenario: To verify the Get request response time." name="Scenario: To verify the Get request response time."/>
  <testcase time="0" classname="Scenario: To verify the Post request response." name="Given I am calling PostUser request."/>
  <testcase time="0" classname="Scenario: To verify the Post request response." name="Then I set title body and userId"/>
  <testcase time="0" classname="Scenario: To verify the Post request response." name="Then I fire the post request."/>
  <testcase time="0" classname="Scenario: To verify the Post request response." name="Then I should be able to see the post response userId=&quot;1&quot;"/>
  <testcase time="0" classname="Scenario: To verify the Post request response." name="Then I should be able to see the post response Id=&quot;101&quot;"/>
  <testcase time="0" classname="Scenario: To verify the Post request response." name="Then I should be able to see the post response title=&quot;foo&quot;"/>
  <testcase time="0" classname="Scenario: To verify the Post request response." name="Then I should be able to see the post response body=&quot;bar&quot;"/>
  <testcase time="0" classname="Scenario: To verify the Post request response." name="Scenario: To verify the Post request response."/>
  <testcase time="0" classname="Scenario: To verify the Post request response code." name="Given I am calling PostUser request."/>
  <testcase time="0" classname="Scenario: To verify the Post request response code." name="Then I set title body and userId"/>
  <testcase time="0" classname="Scenario: To verify the Post request response code." name="Then I fire the post request."/>
  <testcase time="0" classname="Scenario: To verify the Post request response code." name="Then I should be able to see the response code as &quot;201&quot; Ok."/>
  <testcase time="0.001" classname="Scenario: To verify the Post request response code." name="Scenario: To verify the Post request response code."/>
  <testcase time="0" classname="Scenario: To verify the Put request response." name="Given I am calling PutUser request."/>
  <testcase time="0" classname="Scenario: To verify the Put request response." name="When I am calling request with url parameter &quot;2&quot;"/>
  <testcase time="0" classname="Scenario: To verify the Put request response." name="Then I set title,body,id and userId for put request"/>
  <testcase time="0.001" classname="Scenario: To verify the Put request response." name="Then I fire the put request."/>
  <testcase time="0" classname="Scenario: To verify the Put request response." name="Then I should be able to see the post response userId=&quot;1&quot;"/>
  <testcase time="0" classname="Scenario: To verify the Put request response." name="Then I should be able to see the post response Id=&quot;2&quot;"/>
  <testcase time="0" classname="Scenario: To verify the Put request response." name="Then I should be able to see the post response title=&quot;foo&quot;"/>
  <testcase time="0" classname="Scenario: To verify the Put request response." name="Then I should be able to see the post response body=&quot;bar&quot;"/>
  <testcase time="0.001" classname="Scenario: To verify the Put request response." name="Scenario: To verify the Put request response."/>
  <testcase time="0" classname="Scenario: To verify the Put request response code." name="Given I am calling PutUser request."/>
  <testcase time="0" classname="Scenario: To verify the Put request response code." name="When I am calling request with url parameter &quot;2&quot;"/>
  <testcase time="0" classname="Scenario: To verify the Put request response code." name="Then I set title,body,id and userId for put request"/>
  <testcase time="0.001" classname="Scenario: To verify the Put request response code." name="Then I fire the put request."/>
  <testcase time="0.001" classname="Scenario: To verify the Put request response code." name="Then I should be able to see the response code as &quot;200&quot; Ok."/>
  <testcase time="0.001" classname="Scenario: To verify the Put request response code." name="Scenario: To verify the Put request response code."/>
  <testcase time="0" classname="Scenario: To verify the Patch request response" name="Given I am calling PatchUser request."/>
  <testcase time="0" classname="Scenario: To verify the Patch request response" name="When I am calling request with url parameter &quot;2&quot;"/>
  <testcase time="0" classname="Scenario: To verify the Patch request response" name="Then I set title: &quot;foo&quot; for put request"/>
  <testcase time="0" classname="Scenario: To verify the Patch request response" name="Then I fire patch request"/>
  <testcase time="0" classname="Scenario: To verify the Patch request response" name="Then I should be able to see the post response userId=&quot;1&quot;"/>
  <testcase time="0" classname="Scenario: To verify the Patch request response" name="Then I should be able to see the post response Id=&quot;2&quot;"/>
  <testcase time="0" classname="Scenario: To verify the Patch request response" name="Then I should be able to see the post response title=&quot;foo&quot;"/>
  <testcase time="0" classname="Scenario: To verify the Patch request response" name="Then I should be able to see the get response body as a valid string"/>
  <testcase time="0.002" classname="Scenario: To verify the Patch request response" name="Scenario: To verify the Patch request response"/>
  <testcase time="0" classname="Scenario: To verify the Patch request response code." name="Given I am calling PatchUser request."/>
  <testcase time="0" classname="Scenario: To verify the Patch request response code." name="When I am calling request with url parameter &quot;2&quot;"/>
  <testcase time="0" classname="Scenario: To verify the Patch request response code." name="Then I set title: &quot;foo&quot; for put request"/>
  <testcase time="0.001" classname="Scenario: To verify the Patch request response code." name="Then I fire patch request"/>
  <testcase time="0" classname="Scenario: To verify the Patch request response code." name="Then I should be able to see the response code as &quot;200&quot; Ok."/>
  <testcase time="0" classname="Scenario: To verify the Patch request response code." name="Scenario: To verify the Patch request response code."/>
  <testcase time="0" classname="Scenario: To verify the Delete request response" name="Given I am calling DeleteUser request"/>
  <testcase time="0" classname="Scenario: To verify the Delete request response" name="When I am calling request with url parameter &quot;2&quot;"/>
  <testcase time="0" classname="Scenario: To verify the Delete request response" name="Then I fire the Delete request"/>
  <testcase time="0" classname="Scenario: To verify the Delete request response" name="Then I should be able to see the response code as &quot;200&quot; Ok."/>
  <testcase time="0" classname="Scenario: To verify the Delete request response" name="Scenario: To verify the Delete request response"/>
  <testcase time="0" classname="Scenario: To verify the List request response" name="Given I am calling GetUser request."/>
  <testcase time="0" classname="Scenario: To verify the List request response" name="Then I fire the get request."/>
  <testcase time="0" classname="Scenario: To verify the List request response" name="Then I should be able to see the response code as &quot;200&quot; Ok."/>
  <testcase time="0.001" classname="Scenario: To verify the List request response" name="Scenario: To verify the List request response"/>
</testsuite>